<?xml version="1.0" encoding="UTF-8"?>
<!-- Generated by org.testng.reporters.JUnitXMLReporter -->
<testsuite ignored="1" hostname="DESKTOP-1G3J74F" failures="0" tests="4" name="Default test" time="7.254" errors="0" timestamp="2023-08-08T16:52:50 IST">
  <testcase classname="com.NykaaTestNG.Simple" name="mom_baby" time="0.622"/>
  <testcase classname="com.NykaaTestNG.Simple" name="Baby_powder" time="0.217"/>
  <testcase classname="com.NykaaTestNG.Simple" name="Himalaya_Babypowder" time="2.586"/>
  <testcase classname="com.NykaaTestNG.Simple" name="cart" time="1.36"/>
  <testcase classname="com.NykaaTestNG.Simple" name="sing_up" time="0.0">
    <ignored/>
  </testcase> <!-- sing_up -->
</testsuite> <!-- Default test -->
